2015-01-11 13:37:39.322 - /home/nate/jtest/checkmate/pages: SELECT students.firstname as firstname, students.lastname as lastname, students.uid as uid FROM students WHERE (firstname LIKE 'pat%') AND (lastname LIKE 'gil%') ORDER BY firstname, lastname
2015-01-11 13:37:42.879 - /home/nate/jtest/checkmate/pages: INSERT INTO attendance(uid) VALUES (488); SELECT firstname,lastname FROM students WHERE uid=488
2015-01-11 13:38:12.466 - /home/nate/jtest/checkmate/pages: SELECT students.firstname as firstname, students.lastname as lastname, students.uid as uid FROM students WHERE (firstname LIKE 'pat%') AND (lastname LIKE 'gil%') ORDER BY firstname, lastname
2015-01-11 13:38:14.589 - /home/nate/jtest/checkmate/pages: INSERT INTO attendance(uid) VALUES (488); SELECT firstname,lastname FROM students WHERE uid=488
2015-01-11 13:38:45.673 - /home/nate/jtest/checkmate/pages: SELECT students.firstname as firstname, students.lastname as lastname, students.uid as uid FROM students WHERE (firstname LIKE 'pat%') AND (lastname LIKE 'gil%') ORDER BY firstname, lastname
2015-01-11 13:38:48.239 - /home/nate/jtest/checkmate/pages: INSERT INTO attendance(uid) VALUES (488); SELECT firstname,lastname FROM students WHERE uid=488
2015-01-11 13:39:24.084 - /home/nate/jtest/checkmate/pages: SELECT students.firstname as firstname, students.lastname as lastname, students.uid as uid FROM students WHERE (firstname LIKE 'pat%') AND (lastname LIKE 'gil%') ORDER BY firstname, lastname
2015-01-11 13:39:25.966 - /home/nate/jtest/checkmate/pages: INSERT INTO attendance(uid) VALUES (488); SELECT firstname,lastname FROM students WHERE uid=488
2015-01-11 13:40:24.458 - /home/nate/jtest/checkmate/pages: SELECT students.firstname as firstname, students.lastname as lastname, students.uid as uid FROM students WHERE (firstname LIKE 'pat%') AND (lastname LIKE 'gil%') ORDER BY firstname, lastname
2015-01-11 13:40:26.647 - /home/nate/jtest/checkmate/pages: INSERT INTO attendance(uid) VALUES (488); SELECT firstname,lastname FROM students WHERE uid=488
2015-01-11 13:41:18.362 - /home/nate/jtest/checkmate/pages: SELECT students.firstname as firstname, students.lastname as lastname, students.uid as uid FROM students WHERE (firstname LIKE 'pat%') AND (lastname LIKE 'gil%') ORDER BY firstname, lastname
2015-01-11 13:41:20.401 - /home/nate/jtest/checkmate/pages: INSERT INTO attendance(uid) VALUES (488); SELECT firstname,lastname FROM students WHERE uid=488
2015-01-11 13:42:26.827 - /home/nate/jtest/checkmate/pages: SELECT students.firstname as firstname, students.lastname as lastname, students.uid as uid FROM students WHERE (firstname LIKE 'pat%') AND (lastname LIKE 'gil%') ORDER BY firstname, lastname
2015-01-11 13:42:30.761 - /home/nate/jtest/checkmate/pages: INSERT INTO attendance(uid) VALUES (488); SELECT firstname,lastname FROM students WHERE uid=488
2015-01-11 13:43:00.680 - /home/nate/jtest/checkmate/pages: SELECT students.firstname as firstname, students.lastname as lastname, students.uid as uid FROM students WHERE (firstname LIKE 'pat%') AND (lastname LIKE 'gil%') ORDER BY firstname, lastname
2015-01-11 13:43:02.836 - /home/nate/jtest/checkmate/pages: INSERT INTO attendance(uid) VALUES (488); SELECT firstname,lastname FROM students WHERE uid=488
2015-01-11 13:48:20.810 - /home/nate/jtest/checkmate/pages: SELECT students.firstname as firstname, students.lastname as lastname, students.uid as uid FROM students WHERE (firstname LIKE 'pat%') AND (lastname LIKE 'gl%') ORDER BY firstname, lastname
2015-01-11 13:48:21.768 - /home/nate/jtest/checkmate/pages: SELECT students.firstname as firstname, students.lastname as lastname, students.uid as uid FROM students WHERE (firstname LIKE 'pat%') AND (lastname LIKE 'g%') ORDER BY firstname, lastname
2015-01-11 13:48:24.248 - /home/nate/jtest/checkmate/pages: INSERT INTO attendance(uid) VALUES (488); SELECT firstname,lastname FROM students WHERE uid=488
2015-01-11 13:49:06.531 - /home/nate/jtest/checkmate/pages: SELECT students.firstname as firstname, students.lastname as lastname, students.uid as uid FROM students WHERE (firstname LIKE 'pat%') AND (lastname LIKE 'g%') ORDER BY firstname, lastname
2015-01-11 13:49:08.478 - /home/nate/jtest/checkmate/pages: INSERT INTO attendance(uid) VALUES (488); SELECT firstname,lastname FROM students WHERE uid=488
2015-01-11 13:51:33.862 - /home/nate/jtest/checkmate/pages: INSERT INTO `youth`.`students` (`firstname`, `middlename`, `lastname`, `birthday`, `grad_year`, `gender`, `cellphone`, `homephone`, `email`, `addr_street`, `addr_city`, `addr_state`, `addr_zip`) VALUES ('testaaa', '', 'lasataaaaa', '', '2021', 'male','', '', '', '22323', '','',''); INSERT INTO attendance(uid) VALUES (LAST_INSERT_ID()); SELECT firstname,lastname FROM students WHERE uid=LAST_INSERT_ID()
2015-01-11 14:01:30.199 - /home/nate/jtest/checkmate/pages: SELECT students.firstname as firstname, students.lastname as lastname, students.uid as uid FROM students WHERE (firstname LIKE 'pat%') AND (lastname LIKE 'gil%') ORDER BY firstname, lastname
2015-01-11 14:01:38.494 - /home/nate/jtest/checkmate/pages: INSERT INTO `youth`.`students` (`firstname`, `middlename`, `lastname`, `birthday`, `grad_year`, `gender`, `cellphone`, `homephone`, `email`, `addr_street`, `addr_city`, `addr_state`, `addr_zip`) VALUES ('aaaaaa', '', 'aaa', '', '2021', 'male','', '', '', '', '','',''); SELECT firstname,lastname FROM students WHERE uid=LAST_INSERT_ID(); INSERT INTO attendance(uid) VALUES (LAST_INSERT_ID())
2015-01-11 14:05:14.731 - /home/nate/jtest/checkmate/pages: INSERT INTO `youth`.`students` (`firstname`, `middlename`, `lastname`, `birthday`, `grad_year`, `gender`, `cellphone`, `homephone`, `email`, `addr_street`, `addr_city`, `addr_state`, `addr_zip`) VALUES ('asdfassfa', '', 'asasdflast', '', '2021', 'male','', '', '', '', '','',''); SELECT firstname,lastname FROM students WHERE uid=LAST_INSERT_ID(); INSERT INTO attendance(uid) VALUES (LAST_INSERT_ID())
