2015-01-09 23:56:21.152 - INSERT INTO attendance(uid) VALUES (488)
2015-01-09 23:56:58.693 - INSERT INTO `youth`.`students` 
         (`firstname`, `middlename`, `lastname`, `birthday`, `grad_year`,  `gender`, `cellphone`,  `homephone`,  `email`,  `addr_street`,  `addr_city`, `addr_state`, `addr_zip`) 
  VALUES ('test11111',       '',        'test11',      '',    '0000',  '','',      '',    '', '', '','','');
  INSERT INTO attendance(uid) VALUES (LAST_INSERT_ID())
2015-01-10 00:04:01.467 - INSERT INTO `youth`.`students` 
         (`firstname`, `middlename`, `lastname`, `birthday`, `grad_year`,  `gender`, `cellphone`,  `homephone`,  `email`,  `addr_street`,  `addr_city`, `addr_state`, `addr_zip`) 
  VALUES ('test5656',       'asdf',        'tester5656',      '2015-01-01',    '0000',  '','',      '',    'me@me.com', '123 main st', 'lawrenceville','ga','30620');
  INSERT INTO attendance(uid) VALUES (LAST_INSERT_ID())
2015-01-10 00:07:46.240 - INSERT INTO `youth`.`students` 
         (`firstname`, `middlename`, `lastname`, `birthday`, `grad_year`,  `gender`, `cellphone`,  `homephone`,  `email`,  `addr_street`,  `addr_city`, `addr_state`, `addr_zip`) 
  VALUES ('tester7777',       '777',        'testlast777',      '2014-12-30',    '0000',  '','',      '',    'asdf@asdf.com', '234 abc st.', 'atlanta','ga','30303');
  INSERT INTO attendance(uid) VALUES (LAST_INSERT_ID())
2015-01-10 00:09:36.338 - INSERT INTO `youth`.`students` 
         (`firstname`, `middlename`, `lastname`, `birthday`, `grad_year`,  `gender`, `cellphone`,  `homephone`,  `email`,  `addr_street`,  `addr_city`, `addr_state`, `addr_zip`) 
  VALUES ('ipad2',       'ipadmiddle',        'ipadlast',      '2015-01-10',    '0000',  '','',      '',    'email@mail.com', '234 asdf st', 'city','state','30303');
  INSERT INTO attendance(uid) VALUES (LAST_INSERT_ID())
2015-01-10 00:13:23.580 - INSERT INTO `youth`.`students` 
         (`firstname`, `middlename`, `lastname`, `birthday`, `grad_year`,  `gender`, `cellphone`,  `homephone`,  `email`,  `addr_street`,  `addr_city`, `addr_state`, `addr_zip`) 
  VALUES ('first',       'middle',        'last',      '2015-01-14',    '2018',  'female','222.2',      '',    'ma@ma.com', '6 street', 'atlanta','state','30303');
  INSERT INTO attendance(uid) VALUES (LAST_INSERT_ID())
