INFO - 1420862033 - 8
INFO -  - SELECT students.firstname as firstname,
  students.lastname as lastname,
  students.uid as uid
  FROM students 
  WHERE (firstname LIKE 'pat%') OR (lastname LIKE 'pat%')
  ORDER BY firstname, lastname
INFO - Fri, 09 Jan 2015 22:57:53 -0500 - SELECT students.firstname as firstname,
  students.lastname as lastname,
  students.uid as uid
  FROM students 
  WHERE (firstname LIKE 'pat%') OR (lastname LIKE 'pat%')
  ORDER BY firstname, lastname
INFO - Fri, 09 Jan 2015 22:58:24 -0500 - SELECT DISTINCT DATE_FORMAT(DATE(attendance.date), '%Y-%c-%d (%a)') as days,
  students.firstname as firstname,
  students.lastname as lastname
  FROM students JOIN attendance
  ON (students.uid = attendance.uid) and (students.uid = 488)
  ORDER BY days
2015-01-09T23:00:30-05:00 [queryLogger] Fri, 09 Jan 2015 23:00:30 -0500 - SELECT students.firstname as firstname,
  students.lastname as lastname,
  students.uid as uid
  FROM students 
  WHERE (firstname LIKE 'pat%') OR (lastname LIKE 'pat%')
  ORDER BY firstname, lastname
2015-01-09 23:02:32,417 : Fri, 09 Jan 2015 23:02:32 -0500 - SELECT students.firstname as firstname,
  students.lastname as lastname,
  students.uid as uid
  FROM students 
  WHERE (firstname LIKE 'pat%') OR (lastname LIKE 'pat%')
  ORDER BY firstname, lastname
2015-01-09 23:03:07.220 - Fri, 09 Jan 2015 23:03:07 -0500 - SELECT students.firstname as firstname,
  students.lastname as lastname,
  students.uid as uid
  FROM students 
  WHERE (firstname LIKE 'pat%') OR (lastname LIKE 'pat%')
  ORDER BY firstname, lastname
2015-01-09 23:03:53.648 - SELECT students.firstname as firstname,
  students.lastname as lastname,
  students.uid as uid
  FROM students 
  WHERE (firstname LIKE 'pat%') AND (lastname LIKE 'gil%')
  ORDER BY firstname, lastname
2015-01-09 23:24:55.854 - SELECT students.firstname as firstname,
  students.lastname as lastname,
  students.uid as uid
  FROM students 
  WHERE (firstname LIKE 'pat%') AND (lastname LIKE 'pat%')
  ORDER BY firstname, lastname
2015-01-09 23:26:14.821 - SELECT students.firstname as firstname,
  students.lastname as lastname,
  students.uid as uid
  FROM students 
  WHERE (firstname LIKE 'pat%') OR (lastname LIKE 'pat%')
  ORDER BY firstname, lastname
2015-01-09 23:26:15.835 - SELECT students.firstname as firstname,
  students.lastname as lastname,
  students.uid as uid
  FROM students 
  WHERE (firstname LIKE 'pat%') AND (lastname LIKE 'gil%')
  ORDER BY firstname, lastname
2015-01-09 23:28:25.257 - SELECT students.firstname as firstname,
  students.lastname as lastname,
  students.uid as uid
  FROM students 
  WHERE (firstname LIKE 'pat%') AND (lastname LIKE 'gil%')
  ORDER BY firstname, lastname
2015-01-09 23:54:11.020 - SELECT students.firstname as firstname,
  students.lastname as lastname,
  students.uid as uid
  FROM students 
  WHERE (firstname LIKE 'pat%') AND (lastname LIKE 'gil%')
  ORDER BY firstname, lastname
2015-01-09 23:54:16.773 - INSERT INTO attendance(uid) VALUES (488)
2015-01-09 23:55:11.532 - SELECT students.firstname as firstname,
  students.lastname as lastname,
  students.uid as uid
  FROM students 
  WHERE (firstname LIKE 'pat%') AND (lastname LIKE 'gil%')
  ORDER BY firstname, lastname
2015-01-09 23:55:16.073 - INSERT INTO attendance(uid) VALUES (488)
2015-01-09 23:55:16.073 - INSERT INTO attendance(uid) VALUES (488)
2015-01-09 23:56:08.233 - SELECT students.firstname as firstname,
  students.lastname as lastname,
  students.uid as uid
  FROM students 
  WHERE (firstname LIKE 'pat%') AND (lastname LIKE 'gil%')
  ORDER BY firstname, lastname
2015-01-09 23:56:21.152 - INSERT INTO attendance(uid) VALUES (488)
2015-01-09 23:56:58.693 - INSERT INTO `youth`.`students` 
         (`firstname`, `middlename`, `lastname`, `birthday`, `grad_year`,  `gender`, `cellphone`,  `homephone`,  `email`,  `addr_street`,  `addr_city`, `addr_state`, `addr_zip`) 
  VALUES ('test11111',       '',        'test11',      '',    '0000',  '','',      '',    '', '', '','','');
  INSERT INTO attendance(uid) VALUES (LAST_INSERT_ID())
2015-01-10 00:02:12.201 - My second message.
2015-01-10 00:02:12.201 - My third message.
2015-01-10 00:02:12.202 - My fourth message.
2015-01-10 00:02:12.202 - My fifth message.
2015-01-10 00:02:12.202 - My sixth message.
2015-01-10 00:04:01.466 - INSERT INTO `youth`.`students` 
         (`firstname`, `middlename`, `lastname`, `birthday`, `grad_year`,  `gender`, `cellphone`,  `homephone`,  `email`,  `addr_street`,  `addr_city`, `addr_state`, `addr_zip`) 
  VALUES ('test5656',       'asdf',        'tester5656',      '2015-01-01',    '0000',  '','',      '',    'me@me.com', '123 main st', 'lawrenceville','ga','30620');
  INSERT INTO attendance(uid) VALUES (LAST_INSERT_ID())
2015-01-10 00:07:46.240 - INSERT INTO `youth`.`students` 
         (`firstname`, `middlename`, `lastname`, `birthday`, `grad_year`,  `gender`, `cellphone`,  `homephone`,  `email`,  `addr_street`,  `addr_city`, `addr_state`, `addr_zip`) 
  VALUES ('tester7777',       '777',        'testlast777',      '2014-12-30',    '0000',  '','',      '',    'asdf@asdf.com', '234 abc st.', 'atlanta','ga','30303');
  INSERT INTO attendance(uid) VALUES (LAST_INSERT_ID())
2015-01-10 00:09:36.337 - INSERT INTO `youth`.`students` 
         (`firstname`, `middlename`, `lastname`, `birthday`, `grad_year`,  `gender`, `cellphone`,  `homephone`,  `email`,  `addr_street`,  `addr_city`, `addr_state`, `addr_zip`) 
  VALUES ('ipad2',       'ipadmiddle',        'ipadlast',      '2015-01-10',    '0000',  '','',      '',    'email@mail.com', '234 asdf st', 'city','state','30303');
  INSERT INTO attendance(uid) VALUES (LAST_INSERT_ID())
2015-01-10 00:13:23.579 - INSERT INTO `youth`.`students` 
         (`firstname`, `middlename`, `lastname`, `birthday`, `grad_year`,  `gender`, `cellphone`,  `homephone`,  `email`,  `addr_street`,  `addr_city`, `addr_state`, `addr_zip`) 
  VALUES ('first',       'middle',        'last',      '2015-01-14',    '2018',  'female','222.2',      '',    'ma@ma.com', '6 street', 'atlanta','state','30303');
  INSERT INTO attendance(uid) VALUES (LAST_INSERT_ID())
